[debug] [2024-12-07T03:54:53.086Z] ----------------------------------------------------------------------
[debug] [2024-12-07T03:54:53.088Z] Command:       /usr/local/bin/firebase /Users/anthonychavez/.cache/firebase/tools/lib/node_modules/firebase-tools/lib/bin/firebase init
[debug] [2024-12-07T03:54:53.088Z] CLI Version:   13.22.1
[debug] [2024-12-07T03:54:53.088Z] Platform:      darwin
[debug] [2024-12-07T03:54:53.088Z] Node Version:  v18.5.0
[debug] [2024-12-07T03:54:53.091Z] Time:          Fri Dec 06 2024 20:54:53 GMT-0700 (Mountain Standard Time)
[debug] [2024-12-07T03:54:53.092Z] ----------------------------------------------------------------------
[debug] 
[debug] [2024-12-07T03:54:53.097Z] >>> [apiv2][query] GET https://firebase-public.firebaseio.com/cli.json [none]
[debug] [2024-12-07T03:54:53.136Z] > command requires scopes: ["email","openid","https://www.googleapis.com/auth/cloudplatformprojects.readonly","https://www.googleapis.com/auth/firebase","https://www.googleapis.com/auth/cloud-platform"]
[debug] [2024-12-07T03:54:53.138Z] > authorizing via signed-in user (anthony@codelab303.com)
[info] 
     ######## #### ########  ######## ########     ###     ######  ########
     ##        ##  ##     ## ##       ##     ##  ##   ##  ##       ##
     ######    ##  ########  ######   ########  #########  ######  ######
     ##        ##  ##    ##  ##       ##     ## ##     ##       ## ##
     ##       #### ##     ## ######## ########  ##     ##  ######  ########

You're about to initialize a Firebase project in this directory:

  /Users/anthonychavez/_dev/coins/meowgi/meowgi-website

[debug] [2024-12-07T03:54:53.344Z] <<< [apiv2][status] GET https://firebase-public.firebaseio.com/cli.json 200
[debug] [2024-12-07T03:54:53.347Z] <<< [apiv2][body] GET https://firebase-public.firebaseio.com/cli.json {"cloudBuildErrorAfter":1594252800000,"cloudBuildWarnAfter":1590019200000,"defaultNode10After":1594252800000,"minVersion":"3.0.5","node8DeploysDisabledAfter":1613390400000,"node8RuntimeDisabledAfter":1615809600000,"node8WarnAfter":1600128000000}
